# JRE version: Java(TM) SE Runtime Environment (15.0.2+7) (build 15.0.2+7-27)
# Java VM: Java HotSpot(TM) 64-Bit Server VM (15.0.2+7-27, mixed mode, sharing, tiered, compressed oops, g1 gc, windows-amd64)
GC Precious Log:
 CPUs: 4 total, 4 available
 Memory: 8101M
 Large Page Support: Disabled
 NUMA Support: Disabled
 Compressed Oops: Enabled (32-bit)
 Heap Region Size: 1M
 Heap Min Capacity: 8M
 Heap Initial Capacity: 128M
 Heap Max Capacity: 2026M
 Pre-touch: Disabled
 Parallel Workers: 4
 Concurrent Workers: 1
 Concurrent Refinement Workers: 4
 Periodic GC: Disabled
Heap:
 garbage-first heap   total 131072K, used 10767K [0x0000000081600000, 0x0000000100000000)
  region size 1024K, 5 young (5120K), 5 survivors (5120K)
 Metaspace       used 14918K, capacity 16186K, committed 16256K, reserved 1075200K
  class space    used 1967K, capacity 2106K, committed 2176K, reserved 1048576K
GC Heap History (10 events):
Event: 0.443 GC heap before
{Heap before GC invocations=0 (full 0):
 garbage-first heap   total 131072K, used 13312K [0x0000000081600000, 0x0000000100000000)
  region size 1024K, 13 young (13312K), 0 survivors (0K)
 Metaspace       used 2917K, capacity 5971K, committed 6272K, reserved 1056768K
  class space    used 321K, capacity 565K, committed 640K, reserved 1048576K
}
Event: 0.449 GC heap after
{Heap after GC invocations=1 (full 0):
 garbage-first heap   total 131072K, used 5861K [0x0000000081600000, 0x0000000100000000)
  region size 1024K, 2 young (2048K), 2 survivors (2048K)
 Metaspace       used 2917K, capacity 5971K, committed 6272K, reserved 1056768K
  class space    used 321K, capacity 565K, committed 640K, reserved 1048576K
}
Event: 0.536 GC heap before
{Heap before GC invocations=1 (full 0):
 garbage-first heap   total 131072K, used 17125K [0x0000000081600000, 0x0000000100000000)
  region size 1024K, 14 young (14336K), 2 survivors (2048K)
 Metaspace       used 3737K, capacity 6353K, committed 6528K, reserved 1056768K
  class space    used 434K, capacity 607K, committed 640K, reserved 1048576K
}
Event: 0.539 GC heap after
{Heap after GC invocations=2 (full 0):
 garbage-first heap   total 131072K, used 6288K [0x0000000081600000, 0x0000000100000000)
  region size 1024K, 1 young (1024K), 1 survivors (1024K)
 Metaspace       used 3737K, capacity 6353K, committed 6528K, reserved 1056768K
  class space    used 434K, capacity 607K, committed 640K, reserved 1048576K
}
Event: 0.550 GC heap before
{Heap before GC invocations=2 (full 0):
 garbage-first heap   total 131072K, used 28816K [0x0000000081600000, 0x0000000100000000)
  region size 1024K, 24 young (24576K), 1 survivors (1024K)
 Metaspace       used 3737K, capacity 6353K, committed 6528K, reserved 1056768K
  class space    used 434K, capacity 607K, committed 640K, reserved 1048576K
}
Event: 0.551 GC heap after
{Heap after GC invocations=3 (full 0):
 garbage-first heap   total 131072K, used 6291K [0x0000000081600000, 0x0000000100000000)
  region size 1024K, 1 young (1024K), 1 survivors (1024K)
 Metaspace       used 3737K, capacity 6353K, committed 6528K, reserved 1056768K
  class space    used 434K, capacity 607K, committed 640K, reserved 1048576K
}
Event: 1.397 GC heap before
{Heap before GC invocations=3 (full 0):
 garbage-first heap   total 131072K, used 82067K [0x0000000081600000, 0x0000000100000000)
  region size 1024K, 76 young (77824K), 1 survivors (1024K)
 Metaspace       used 12655K, capacity 13836K, committed 14080K, reserved 1060864K
  class space    used 1667K, capacity 1756K, committed 1792K, reserved 1048576K
}
Event: 1.404 GC heap after
{Heap after GC invocations=4 (full 0):
 garbage-first heap   total 131072K, used 9208K [0x0000000081600000, 0x0000000100000000)
  region size 1024K, 4 young (4096K), 4 survivors (4096K)
 Metaspace       used 12655K, capacity 13836K, committed 14080K, reserved 1060864K
  class space    used 1667K, capacity 1756K, committed 1792K, reserved 1048576K
}
Event: 1.897 GC heap before
{Heap before GC invocations=4 (full 0):
 garbage-first heap   total 131072K, used 45048K [0x0000000081600000, 0x0000000100000000)
  region size 1024K, 41 young (41984K), 4 survivors (4096K)
 Metaspace       used 14918K, capacity 16186K, committed 16256K, reserved 1073152K
  class space    used 1967K, capacity 2106K, committed 2176K, reserved 1048576K
}
Event: 1.904 GC heap after
{Heap after GC invocations=5 (full 0):
 garbage-first heap   total 131072K, used 10767K [0x0000000081600000, 0x0000000100000000)
  region size 1024K, 5 young (5120K), 5 survivors (5120K)
 Metaspace       used 14918K, capacity 16186K, committed 16256K, reserved 1073152K
  class space    used 1967K, capacity 2106K, committed 2176K, reserved 1048576K
}

